VendorID,tpep_pickup_datetime,tpep_dropoff_datetime,passenger_count,trip_distance,RatecodeID,store_and_fwd_flag,PULocationID,DOLocationID,payment_type,fare_amount,extra,mta_tax,tip_amount,tolls_amount,improvement_surcharge,total_amount,congestion_surcharge,trip_duration_min
1,2019-01-01 11:03:25,2019-01-01 11:03:25,1,10.2,1,N,35,35,1,30.0,0.0,0.5,6.15,0.0,0.3,36.95,,0.0
2,2019-01-01 17:24:51,2019-01-01 17:24:51,2,0.02,1,N,264,264,2,2.5,0.0,0.5,0.0,0.0,0.3,3.3,,0.0
1,2019-01-02 06:05:18,2019-01-02 06:05:18,1,26.2,1,N,39,145,1,85.0,0.0,0.5,0.0,0.0,0.3,85.8,,0.0
1,2019-01-02 07:14:37,2019-01-02 07:14:37,1,0.7,1,N,231,231,2,5.0,0.0,0.5,0.0,0.0,0.3,5.8,,0.0
2,2019-01-02 09:09:32,2019-01-02 09:09:32,1,0.01,1,N,264,264,2,2.5,0.0,0.5,0.0,0.0,0.3,3.3,,0.0
1,2019-01-02 11:35:49,2019-01-02 11:35:49,3,4.0,1,N,13,13,2,15.0,0.0,0.5,0.0,0.0,0.3,15.8,,0.0
1,2019-01-02 11:25:14,2019-01-02 11:25:14,1,0.6,1,N,43,43,1,4.5,0.0,0.5,1.5,0.0,0.3,6.8,,0.0
2,2019-01-02 13:04:26,2019-01-02 13:04:26,6,0.01,1,N,264,264,2,2.5,0.0,0.5,0.0,0.0,0.3,3.3,,0.0
2,2019-01-02 00:00:00,2019-01-02 00:00:00,1,9.49,1,N,138,90,1,34.0,0.0,0.5,6.08,5.76,0.3,46.64,,0.0
2,2019-01-02 20:52:57,2019-01-02 20:52:57,1,2.35,1,N,264,264,2,10.0,0.5,0.5,0.0,0.0,0.3,11.3,,0.0
2,2019-01-02 20:01:39,2019-01-02 20:01:39,1,0.01,1,N,264,264,2,2.5,0.5,0.5,0.0,0.0,0.3,3.8,,0.0
2,2019-01-02 21:56:03,2019-01-02 21:56:03,1,0.01,5,N,264,264,2,63.0,0.0,0.0,0.0,0.0,0.0,63.0,,0.0
1,2019-01-03 06:25:18,2019-01-03 06:25:18,1,18.6,2,N,264,114,1,69.46,0.0,0.5,0.0,0.0,0.3,70.26,,0.0
1,2019-01-03 06:27:55,2019-01-03 06:27:55,1,21.5,2,N,132,13,1,69.46,0.0,0.5,0.0,0.0,0.3,70.26,,0.0
2,2019-01-03 06:37:26,2019-01-03 06:37:26,1,0.01,2,N,264,264,2,52.0,0.0,0.5,0.0,0.0,0.3,52.8,,0.0
1,2019-01-03 09:23:56,2019-01-03 09:23:56,1,0.5,1,N,7,7,1,3.5,0.0,0.5,2.0,0.0,0.3,6.3,,0.0
1,2019-01-03 12:55:49,2019-01-03 12:55:49,1,1.6,1,N,234,234,1,10.0,0.0,0.5,1.5,0.0,0.3,12.3,,0.0
1,2019-01-03 13:27:16,2019-01-03 13:27:16,1,1.1,1,N,188,188,3,7.5,0.0,0.5,0.0,0.0,0.3,8.3,,0.0
1,2019-01-03 18:23:45,2019-01-03 18:23:45,1,19.6,2,N,231,132,1,70.8,0.0,0.5,0.0,0.0,0.3,71.6,,0.0
1,2019-01-03 20:05:54,2019-01-03 20:05:54,1,11.8,1,N,239,20,2,33.0,1.0,0.5,0.0,0.0,0.3,34.8,,0.0
1,2019-01-03 20:55:16,2019-01-03 20:55:16,1,1.3,1,N,170,170,1,7.0,0.5,0.5,1.65,0.0,0.3,9.95,,0.0
2,2019-01-03 00:00:00,2019-01-03 00:00:00,2,2.13,1,N,163,236,2,9.0,0.5,0.5,0.0,0.0,0.3,10.3,,0.0
2,2019-01-03 22:31:19,2019-01-03 22:31:19,1,0.01,2,N,264,264,2,52.0,0.0,0.5,0.0,0.0,0.3,52.8,,0.0
2,2019-01-03 00:01:16,2019-01-03 00:01:16,1,10.1,1,N,140,131,2,31.0,0.5,0.5,0.0,0.0,0.3,32.3,,0.0
1,2019-01-04 01:42:58,2019-01-04 01:42:58,1,4.0,1,N,229,229,1,13.5,0.5,0.5,2.95,0.0,0.3,17.75,,0.0
2,2019-01-04 01:14:17,2019-01-04 01:14:17,1,0.01,2,N,264,264,2,52.0,0.0,0.5,0.0,0.0,0.3,52.8,,0.0
1,2019-01-04 11:01:33,2019-01-04 11:01:33,1,5.0,1,N,7,7,1,20.0,0.0,0.5,5.0,0.0,0.3,25.8,,0.0
2,2019-01-04 12:57:31,2019-01-04 12:57:31,5,0.01,1,N,264,264,2,2.5,0.0,0.5,0.0,0.0,0.3,3.3,,0.0
1,2019-01-04 19:54:17,2019-01-04 19:54:17,0,1.8,1,N,79,79,1,9.0,1.0,0.5,2.15,0.0,0.3,12.95,,0.0
1,2019-01-05 00:54:48,2019-01-05 00:54:48,1,2.9,1,N,144,144,1,13.0,0.5,0.5,2.85,0.0,0.3,17.15,,0.0
2,2019-01-05 00:02:25,2019-01-05 00:02:25,1,0.54,1,N,264,264,2,4.0,0.5,0.5,0.0,0.0,0.3,5.3,,0.0
1,2019-01-05 01:00:41,2019-01-05 01:00:41,1,0.8,1,N,107,107,1,5.0,0.5,0.5,1.0,0.0,0.3,7.3,,0.0
1,2019-01-05 16:50:59,2019-01-05 16:50:59,1,0.3,1,N,107,107,1,3.0,0.0,0.5,0.75,0.0,0.3,4.55,,0.0
2,2019-01-05 16:43:28,2019-01-05 16:43:28,5,0.02,1,N,265,265,2,2.5,0.0,0.5,0.0,0.0,0.3,3.3,,0.0
1,2019-01-06 01:57:41,2019-01-06 01:57:41,1,2.8,1,N,50,50,1,10.5,0.5,0.5,1.5,0.0,0.3,13.3,,0.0
1,2019-01-06 03:11:23,2019-01-06 03:11:23,0,4.7,1,N,140,140,1,16.5,0.5,0.5,3.55,0.0,0.3,21.35,,0.0
2,2019-01-06 15:49:02,2019-01-06 15:49:02,1,0.01,1,N,264,146,2,2.5,0.0,0.5,0.0,0.0,0.3,3.3,,0.0
1,2019-01-06 15:15:08,2018-11-09 02:34:38,1,3.3,1,Y,100,79,2,16.0,0.0,0.5,0.0,0.0,0.3,16.8,,-84280.5
2,2019-01-06 16:35:11,2019-01-06 16:35:11,2,0.01,3,N,264,264,2,20.0,0.0,0.0,0.0,0.0,0.3,20.3,,0.0
1,2019-01-06 17:27:39,2019-01-06 17:27:39,1,11.2,1,N,138,164,1,61.66,0.0,0.5,0.0,0.0,0.3,62.46,,0.0
2,2019-01-06 21:53:08,2019-01-06 21:53:08,1,0.15,5,N,211,211,1,63.0,0.0,0.0,5.0,0.0,0.0,68.0,,0.0
1,2019-01-06 22:04:21,2019-01-06 22:04:21,0,4.4,1,N,261,261,1,15.5,0.5,0.5,3.35,0.0,0.3,20.15,,0.0
2,2019-01-07 00:00:00,2019-01-07 00:00:00,2,2.39,1,N,163,263,1,9.5,0.5,0.5,1.08,0.0,0.3,11.88,,0.0
1,2019-01-07 09:29:09,2019-01-07 09:29:09,1,13.4,1,N,132,97,1,59.55,0.0,0.5,0.0,0.0,0.3,60.35,,0.0
1,2019-01-07 15:27:21,2019-01-07 15:27:21,1,17.2,1,N,138,21,1,63.75,0.0,0.5,0.0,0.0,0.3,64.55,,0.0
1,2019-01-07 16:50:08,2019-01-07 16:50:08,1,0.5,1,N,143,143,2,4.0,1.0,0.5,0.0,0.0,0.3,5.8,,0.0
1,2019-01-07 16:50:09,2019-01-07 16:50:09,1,0.5,1,N,143,143,2,2.5,1.0,0.5,0.0,0.0,0.3,4.3,,0.0
1,2019-01-07 23:35:17,2019-01-07 23:35:17,1,1.2,1,N,223,223,2,6.5,0.5,0.5,0.0,0.0,0.3,7.8,,0.0
2,2019-01-08 06:49:08,2019-01-08 06:49:08,2,0.01,1,N,264,264,2,2.5,0.0,0.5,0.0,0.0,0.3,3.3,,0.0
2,2019-01-08 12:58:47,2019-01-08 12:58:47,1,0.01,2,N,264,264,2,52.0,0.0,0.5,0.0,0.0,0.3,52.8,,0.0
1,2019-01-08 14:21:32,2019-01-08 14:21:32,2,18.0,2,N,230,132,1,62.55,0.0,0.5,0.0,0.0,0.3,63.35,,0.0
1,2019-01-08 16:21:47,2019-01-08 16:21:47,1,0.5,1,N,162,162,1,4.0,1.0,0.5,1.15,0.0,0.3,6.95,,0.0
2,2019-01-08 00:00:00,2019-01-08 00:00:00,2,0.8,1,N,234,90,1,4.5,0.5,0.5,0.29,0.0,0.3,6.09,,0.0
2,2019-01-08 21:33:27,2019-01-08 21:33:27,2,0.01,1,N,264,264,2,2.5,0.5,0.5,0.0,0.0,0.3,3.8,,0.0
2,2019-01-08 00:00:00,2019-01-08 00:00:00,2,1.04,1,N,237,140,2,7.0,0.5,0.5,0.0,0.0,0.3,8.3,,0.0
1,2019-01-09 09:54:54,2019-01-09 09:54:54,1,0.9,1,N,170,170,2,7.0,0.0,0.5,0.0,0.0,0.3,7.8,,0.0
1,2019-01-09 12:34:43,2019-01-09 12:34:43,1,1.4,1,N,68,68,1,9.0,0.0,0.5,1.2,0.0,0.3,11.0,,0.0
2,2019-01-09 12:57:01,2019-01-09 12:57:01,1,0.01,1,N,264,264,2,2.5,0.0,0.5,0.0,0.0,0.3,3.3,,0.0
2,2019-01-09 00:00:00,2019-01-09 00:00:00,2,0.5,1,N,132,161,1,5.0,0.0,0.5,1.16,0.0,0.3,6.96,,0.0
2,2019-01-09 15:52:07,2019-01-09 15:52:07,1,0.01,1,N,264,264,2,2.5,0.0,0.5,0.0,0.0,0.3,3.3,,0.0
2,2019-01-09 17:17:03,2019-01-09 17:17:03,1,0.01,1,N,264,264,2,2.5,1.0,0.5,0.0,0.0,0.3,4.3,,0.0
1,2019-01-09 19:07:52,2019-01-09 19:07:52,1,0.8,1,N,237,237,1,6.0,1.0,0.5,1.95,0.0,0.3,9.75,,0.0
2,2019-01-09 21:03:38,2019-01-09 21:03:38,1,0.04,1,N,264,132,2,2.5,0.5,0.5,0.0,0.0,0.3,3.8,,0.0
2,2019-01-10 01:52:08,2019-01-10 01:52:08,1,12.2,1,N,61,129,2,89.5,0.5,0.5,0.0,0.0,0.3,90.8,,0.0
2,2019-01-10 01:27:14,2019-01-10 01:27:14,1,0.02,1,N,264,264,2,2.5,0.5,0.5,0.0,0.0,0.3,3.8,,0.0
2,2019-01-10 04:47:52,2019-01-10 04:47:52,1,0.01,5,N,264,138,1,39.0,0.0,0.0,5.0,0.0,0.0,44.0,,0.0
1,2019-01-10 11:45:03,2019-01-10 11:45:03,2,1.4,1,N,230,230,1,10.0,0.0,0.5,2.15,0.0,0.3,12.95,,0.0
1,2019-01-10 12:57:22,2019-01-10 12:57:22,0,1.0,1,N,236,236,2,6.5,0.0,0.5,0.0,0.0,0.3,7.3,,0.0
1,2019-01-10 14:47:16,2019-01-10 14:47:16,1,1.1,1,N,68,68,1,7.5,0.0,0.5,1.65,0.0,0.3,9.95,,0.0
2,2019-01-10 14:00:09,2019-01-10 14:00:09,1,0.03,1,N,264,138,2,2.5,0.0,0.5,0.0,0.0,0.3,3.3,,0.0
2,2019-01-10 13:24:28,2019-01-10 13:24:28,1,0.01,1,N,264,264,2,2.5,0.0,0.5,0.0,0.0,0.3,3.3,,0.0
2,2019-01-10 17:32:59,2019-01-10 17:32:59,1,1.61,1,N,264,264,2,9.5,1.0,0.5,0.0,0.0,0.3,11.3,,0.0
2,2019-01-10 18:52:21,2019-01-10 18:52:21,1,0.03,1,N,107,107,2,2.5,1.0,0.5,0.0,0.0,0.3,4.3,,0.0
2,2019-01-10 00:00:00,2019-01-10 00:00:00,1,2.55,1,N,107,87,1,12.0,1.0,0.5,2.76,0.0,0.3,16.56,,0.0
1,2019-01-10 20:18:08,2019-01-10 20:18:08,1,1.3,1,N,264,264,2,8.5,0.5,0.5,0.0,0.0,0.3,9.8,,0.0
2,2019-01-10 22:06:21,2019-01-10 22:06:21,1,0.01,5,N,264,161,1,60.0,0.0,0.0,12.0,0.0,0.0,72.0,,0.0
1,2019-01-11 07:18:13,2019-01-11 07:18:13,2,13.6,1,N,132,217,1,64.35,0.0,0.5,0.0,0.0,0.3,65.15,,0.0
1,2019-01-11 08:29:01,2019-01-11 08:29:01,1,12.0,1,N,163,45,1,55.8,0.0,0.5,0.0,0.0,0.3,56.6,,0.0
2,2019-01-11 08:49:41,2019-01-11 08:49:41,1,0.47,5,N,216,132,1,65.0,0.0,0.0,13.0,0.0,0.0,78.0,,0.0
2,2019-01-11 09:02:20,2019-01-11 09:02:20,1,0.01,1,N,264,264,2,2.5,0.0,0.5,0.0,0.0,0.3,3.3,,0.0
2,2019-01-11 00:00:00,2019-01-11 00:00:00,3,5.03,1,N,230,13,2,20.5,0.0,0.5,0.0,0.0,0.3,21.3,,0.0
1,2019-01-11 12:09:40,2019-01-11 12:09:40,1,3.6,1,N,144,144,2,19.0,0.0,0.5,0.0,0.0,0.3,19.8,,0.0
1,2019-01-11 14:28:00,2019-01-11 14:28:00,2,18.0,2,N,132,230,1,69.46,0.0,0.5,0.0,0.0,0.3,70.26,,0.0
2,2019-01-11 15:36:19,2019-01-11 15:36:19,1,0.2,2,N,138,132,1,52.0,0.0,0.5,5.0,5.76,0.3,63.56,,0.0
1,2019-01-11 15:10:53,2019-01-11 15:10:53,1,2.1,1,N,239,239,1,11.5,0.0,0.5,3.05,0.0,0.3,15.35,,0.0
2,2019-01-11 17:48:37,2019-01-11 17:48:37,2,0.01,1,N,264,264,2,2.5,1.0,0.5,0.0,0.0,0.3,4.3,,0.0
1,2019-01-11 18:45:26,2019-01-11 18:45:26,1,3.8,1,N,256,256,1,16.5,1.0,0.5,4.55,0.0,0.3,22.85,,0.0
1,2019-01-11 19:24:06,2019-01-11 19:24:06,1,2.1,1,N,68,68,1,12.0,1.0,0.5,3.45,0.0,0.3,17.25,,0.0
1,2019-01-11 21:47:46,2019-01-11 21:47:46,1,0.3,1,N,107,107,2,3.5,0.5,0.5,0.0,0.0,0.3,4.8,,0.0
1,2019-01-11 23:40:03,2019-01-11 23:40:03,1,2.5,1,N,79,79,2,3.5,0.5,0.5,0.0,0.0,0.3,4.8,,0.0
2,2019-01-12 00:00:00,2019-01-12 00:00:00,1,3.76,1,N,107,236,2,21.0,0.5,0.5,0.0,0.0,0.3,22.3,,0.0
2,2019-01-12 00:00:00,2019-01-12 00:00:00,1,1.08,1,N,249,107,2,7.5,0.5,0.5,0.0,0.0,0.3,8.8,,0.0
2,2019-01-12 06:02:07,2019-01-12 06:02:07,1,0.01,2,N,264,264,2,52.0,0.0,0.5,0.0,0.0,0.3,52.8,,0.0
2,2019-01-12 08:00:59,2019-01-12 08:00:59,5,0.01,1,N,264,264,2,2.5,0.0,0.5,0.0,0.0,0.3,3.3,,0.0
2,2019-01-12 00:00:00,2019-01-12 00:00:00,1,17.27,2,N,132,163,2,52.0,0.0,0.5,0.0,0.0,0.3,52.8,,0.0
2,2019-01-12 15:44:44,2019-01-12 15:44:44,6,0.01,1,N,264,264,2,2.5,0.0,0.5,0.0,0.0,0.3,3.3,,0.0
1,2019-01-12 17:31:10,2019-01-12 17:31:10,4,1.5,1,N,264,264,1,10.0,0.0,0.5,1.0,0.0,0.3,11.8,,0.0
1,2019-01-12 17:16:11,2019-01-12 17:16:11,0,1.0,1,N,262,262,1,7.0,0.0,0.5,1.55,0.0,0.3,9.35,,0.0
2,2019-01-12 18:07:00,2019-01-12 18:07:00,2,0.02,1,N,264,264,2,2.5,0.0,0.5,0.0,0.0,0.3,3.3,,0.0
1,2019-01-12 22:47:07,2019-01-12 22:47:07,1,0.4,1,N,186,186,1,3.5,0.5,0.5,0.95,0.0,0.3,5.75,,0.0
2,2019-01-13 00:17:06,2019-01-13 00:17:06,1,4.98,1,N,107,40,1,16.0,0.5,0.5,4.61,5.76,0.3,27.67,,0.0
1,2019-01-13 00:07:23,2019-01-13 00:07:23,2,1.8,1,N,233,233,1,8.0,0.5,0.5,1.85,0.0,0.3,11.15,,0.0
2,2019-01-13 00:00:00,2019-01-13 00:00:00,1,7.49,1,N,158,116,2,23.5,0.5,0.5,0.0,0.0,0.3,24.8,,0.0
2,2019-01-13 09:49:48,2019-01-13 09:49:48,1,0.03,2,N,264,161,1,52.0,0.0,0.5,10.56,0.0,0.3,63.36,,0.0
1,2019-01-13 10:51:39,2019-01-13 10:51:39,1,3.2,1,N,74,74,1,12.0,0.0,0.5,1.5,0.0,0.3,14.3,,0.0
1,2019-01-13 12:16:22,2019-01-13 12:16:22,1,3.2,1,N,66,66,1,12.0,0.0,0.5,2.55,0.0,0.3,15.35,,0.0
1,2019-01-13 15:06:34,2019-01-13 15:06:34,0,1.1,1,N,158,158,2,6.0,0.0,0.5,0.0,0.0,0.3,6.8,,0.0
1,2019-01-13 15:15:27,2018-12-25 07:37:43,3,7.6,1,N,164,145,2,29.5,0.0,0.5,0.0,5.76,0.3,36.06,,-27817.733333333334
1,2019-01-13 15:38:08,2019-01-13 15:38:08,2,1.2,1,N,249,249,1,6.5,0.0,0.5,1.45,0.0,0.3,8.75,,0.0
2,2019-01-13 18:37:56,2019-01-13 18:37:56,1,0.02,5,N,264,161,1,69.0,0.0,0.0,13.8,0.0,0.0,82.8,,0.0
1,2019-01-13 18:20:30,2019-01-13 18:20:30,1,0.7,1,N,143,143,1,6.0,1.0,0.5,1.55,0.0,0.3,9.35,,0.0
2,2019-01-13 21:46:49,2019-01-13 21:46:49,1,0.02,5,N,142,142,1,69.0,0.0,0.0,13.8,0.0,0.0,82.8,,0.0
1,2019-01-14 05:52:49,2019-01-14 05:52:49,1,0.9,1,N,162,162,4,2.5,0.5,0.5,0.0,0.0,0.3,3.8,,0.0
1,2019-01-14 08:22:38,2019-01-14 08:22:38,1,23.4,2,N,132,4,1,67.76,0.0,0.5,0.0,0.0,0.3,68.56,,0.0
2,2019-01-14 08:53:05,2019-01-14 08:53:05,1,0.07,2,N,264,264,2,52.0,0.0,0.5,0.0,0.0,0.3,52.8,,0.0
2,2019-01-14 00:00:00,2019-01-14 00:00:00,1,1.36,1,N,125,246,1,8.0,0.0,0.5,1.32,0.0,0.3,10.12,,0.0
2,2019-01-14 14:38:37,2019-01-14 14:38:37,1,0.01,1,N,264,264,2,2.5,0.0,0.5,0.0,0.0,0.3,3.3,,0.0
1,2019-01-14 15:16:20,2019-01-14 15:16:20,1,0.7,1,N,264,264,1,5.0,0.0,0.5,2.0,0.0,0.3,7.8,,0.0
1,2019-01-14 16:19:24,2019-01-14 16:19:24,2,16.0,1,N,138,231,1,74.86,0.0,0.5,0.0,0.0,0.3,75.66,,0.0
1,2019-01-14 18:03:36,2019-01-14 18:03:36,1,1.6,1,N,239,239,1,8.0,1.0,0.5,1.95,0.0,0.3,11.75,,0.0
2,2019-01-14 00:00:00,2019-01-14 00:00:00,1,1.95,1,N,237,230,2,11.0,1.0,0.5,0.0,0.0,0.3,12.8,,0.0
2,2019-01-15 05:15:19,2019-01-15 05:15:19,2,0.02,1,N,264,264,2,2.5,0.5,0.5,0.0,0.0,0.3,3.8,,0.0
2,2019-01-15 06:56:02,2019-01-15 06:56:02,1,0.06,1,N,226,226,2,2.5,0.0,0.5,0.0,0.0,0.3,3.3,,0.0
1,2019-01-15 07:32:07,2019-01-15 07:32:07,1,1.1,1,N,138,33,2,6.0,0.0,0.5,0.0,0.0,0.3,6.8,,0.0
1,2019-01-15 13:49:40,2019-01-15 13:49:40,0,1.9,1,Y,75,75,2,8.5,0.0,0.5,0.0,0.0,0.3,9.3,,0.0
2,2019-01-15 13:17:15,2019-01-15 13:17:15,1,0.24,1,N,264,264,2,3.5,0.0,0.5,0.0,0.0,0.3,4.3,,0.0
2,2019-01-15 00:00:00,2019-01-15 00:00:00,1,1.36,1,N,140,237,2,9.0,0.0,0.5,0.0,0.0,0.3,9.8,,0.0
2,2019-01-15 17:08:32,2019-01-15 17:08:32,1,0.01,1,N,264,264,2,2.5,1.0,0.5,0.0,0.0,0.3,4.3,,0.0
1,2019-01-15 20:51:47,2019-01-15 20:51:47,2,0.7,1,N,170,170,2,5.0,0.5,0.5,0.0,0.0,0.3,6.3,,0.0
1,2019-01-15 22:05:38,2019-01-15 22:05:38,1,3.9,1,N,239,239,1,16.5,0.5,0.5,3.55,0.0,0.3,21.35,,0.0
2,2019-01-16 00:19:02,2019-01-16 00:19:02,5,18.06,2,N,132,107,1,52.0,0.0,0.5,10.0,5.76,0.3,68.56,,0.0
2,2019-01-16 01:05:13,2019-01-16 01:05:13,1,0.01,1,N,264,264,2,2.5,0.5,0.5,0.0,0.0,0.3,3.8,,0.0
2,2019-01-16 06:34:50,2019-01-16 06:34:50,1,0.03,1,N,264,264,2,2.5,0.0,0.5,0.0,0.0,0.3,3.3,,0.0
1,2019-01-16 08:43:40,2019-01-16 08:43:40,1,2.0,1,N,161,161,2,11.5,0.0,0.5,0.0,0.0,0.3,12.3,,0.0
1,2019-01-16 09:37:08,2019-01-16 09:37:08,1,7.5,1,N,82,82,2,22.0,0.0,0.5,0.0,0.0,0.3,22.8,,0.0
2,2019-01-16 18:06:55,2019-01-16 18:06:55,1,2.3,1,N,264,74,2,9.0,1.0,0.5,0.0,0.0,0.3,10.8,,0.0
2,2019-01-16 18:59:34,2019-01-16 18:59:34,1,0.63,1,N,264,161,1,5.5,1.0,0.5,1.0,0.0,0.3,8.3,,0.0
1,2019-01-16 18:52:38,2019-01-16 18:52:38,1,3.7,1,N,263,263,1,15.5,1.0,0.5,0.7,0.0,0.3,18.0,,0.0
1,2019-01-16 21:48:39,2019-01-16 21:48:39,0,5.7,1,N,129,129,2,23.0,0.5,0.5,0.0,0.0,0.3,24.3,,0.0
1,2019-01-16 21:59:30,2019-01-16 21:59:30,2,8.2,1,N,243,243,1,25.0,0.5,0.5,5.25,0.0,0.3,31.55,,0.0
2,2019-01-17 01:45:33,2019-01-17 01:45:33,2,0.01,1,N,264,264,2,2.5,0.5,0.5,0.0,0.0,0.3,3.8,,0.0
1,2019-01-17 07:14:21,2019-01-17 07:14:21,2,16.8,2,N,132,186,1,69.46,0.0,0.5,0.0,0.0,0.3,70.26,,0.0
1,2019-01-17 08:33:52,2019-01-17 08:33:52,1,2.7,1,N,263,141,2,13.0,0.0,0.5,0.0,0.0,0.3,13.8,,0.0
1,2019-01-17 08:28:28,2019-01-17 08:28:28,1,18.2,2,N,132,230,1,64.2,0.0,0.5,0.0,0.0,0.3,65.0,,0.0
1,2019-01-17 08:21:39,2019-01-17 08:21:39,1,20.8,2,N,132,239,1,67.76,0.0,0.5,0.0,0.0,0.3,68.56,,0.0
2,2019-01-17 13:12:18,2019-01-17 13:12:18,1,0.01,1,N,264,264,2,2.5,0.0,0.5,0.0,0.0,0.3,3.3,,0.0
1,2019-01-17 14:28:02,2019-01-17 14:28:02,1,1.2,1,N,143,143,3,7.0,0.0,0.5,0.0,0.0,0.3,7.8,,0.0
1,2019-01-17 15:17:16,2019-01-17 15:17:16,1,17.5,2,N,68,132,3,67.76,0.0,0.5,0.0,0.0,0.3,68.56,,0.0
1,2019-01-17 17:06:51,2019-01-17 17:06:51,1,0.7,1,N,186,186,2,6.0,1.0,0.5,0.0,0.0,0.3,7.8,,0.0
2,2019-01-17 18:42:41,2019-01-17 18:42:41,1,0.51,1,N,264,264,2,6.0,1.0,0.5,0.0,0.0,0.3,7.8,,0.0
2,2019-01-17 00:00:00,2019-01-17 00:00:00,1,0.53,1,N,231,261,2,5.0,1.0,0.5,0.0,0.0,0.3,6.8,,0.0
1,2019-01-17 19:14:17,2019-01-17 19:14:17,1,0.7,1,N,186,186,1,8.0,1.0,0.5,1.95,0.0,0.3,11.75,,0.0
1,2019-01-17 20:09:04,2019-01-17 20:09:04,1,1.6,1,N,170,170,2,10.5,1.0,0.5,0.0,0.0,0.3,12.3,,0.0
2,2019-01-17 19:46:12,2019-01-17 19:46:12,1,0.09,5,N,113,249,1,65.0,0.0,0.0,13.0,0.0,0.0,78.0,,0.0
1,2019-01-17 21:18:43,2019-01-17 21:18:43,1,21.0,5,N,161,161,2,60.0,0.0,0.0,0.0,5.76,0.3,66.06,,0.0
2,2019-01-17 23:17:59,2019-01-17 23:17:59,1,0.01,2,N,264,264,2,52.0,0.0,0.5,0.0,0.0,0.3,52.8,,0.0
2,2019-01-18 01:47:00,2019-01-18 01:47:00,1,0.01,1,N,264,264,2,2.5,0.5,0.5,0.0,0.0,0.3,3.8,,0.0
2,2019-01-18 08:18:31,2019-01-18 08:18:31,1,0.01,1,N,264,264,2,2.5,0.0,0.5,0.0,0.0,0.3,3.3,,0.0
1,2019-01-18 09:26:16,2019-01-18 09:26:16,0,2.3,1,N,229,229,1,18.0,0.0,0.5,7.0,0.0,0.3,25.8,,0.0
2,2019-01-18 10:03:39,2019-01-18 10:03:39,2,0.14,5,N,264,138,1,47.0,0.0,0.0,11.75,0.0,0.0,58.75,,0.0
2,2019-01-18 12:59:42,2019-01-18 12:59:42,4,0.01,2,N,264,264,2,52.0,0.0,0.5,0.0,0.0,0.3,52.8,,0.0
2,2019-01-18 13:05:14,2019-01-18 13:05:14,1,0.03,5,N,264,237,1,63.0,0.0,0.0,12.6,0.0,0.0,75.6,,0.0
2,2019-01-18 15:16:34,2019-01-18 15:16:34,1,0.03,5,N,264,163,1,67.5,0.0,0.0,13.5,0.0,0.0,81.0,,0.0
1,2019-01-18 17:50:44,2019-01-18 17:50:44,0,0.7,1,N,140,140,1,6.5,1.0,0.5,1.0,0.0,0.3,9.3,,0.0
1,2019-01-18 20:55:52,2019-01-18 20:55:52,1,1.6,1,N,262,262,2,8.5,0.5,0.5,0.0,0.0,0.3,9.8,,0.0
1,2019-01-18 20:04:37,2019-01-18 20:04:37,1,1.1,1,N,163,163,2,6.0,1.0,0.5,0.0,0.0,0.3,7.8,,0.0
1,2019-01-19 01:57:54,2019-01-19 01:57:54,1,8.5,1,N,181,181,1,26.5,0.5,0.5,5.55,0.0,0.3,33.35,,0.0
2,2019-01-19 00:00:00,2019-01-19 00:00:00,1,0.88,1,N,234,90,2,6.0,0.0,0.5,0.0,0.0,0.3,6.8,,0.0
1,2019-01-19 12:52:51,2019-01-19 12:52:51,1,4.4,1,N,141,141,1,18.0,0.0,0.5,1.2,0.0,0.3,20.0,,0.0
2,2019-01-19 16:44:22,2019-01-19 16:44:22,1,0.02,1,N,40,40,1,2.5,0.0,0.5,0.82,0.0,0.3,4.12,,0.0
2,2019-01-19 17:04:42,2019-01-19 17:04:42,1,0.01,1,N,264,264,2,2.5,0.0,0.5,0.0,0.0,0.3,3.3,,0.0
2,2019-01-19 18:56:41,2019-01-19 18:56:41,1,0.12,5,N,211,144,1,10.0,0.0,0.0,1.0,0.0,0.0,11.0,,0.0
1,2019-01-19 19:45:28,2019-01-19 19:45:28,1,3.7,1,N,48,48,2,14.5,1.0,0.5,0.0,0.0,0.3,16.3,,0.0
1,2019-01-19 22:22:55,2019-01-19 22:22:55,2,0.4,1,N,41,41,2,4.0,0.5,0.5,0.0,0.0,0.3,5.3,,0.0
2,2019-01-20 08:13:18,2019-01-20 08:13:18,2,0.01,5,N,264,264,2,95.0,0.0,0.0,0.0,0.0,0.0,95.0,,0.0
1,2019-01-20 12:15:26,2019-01-20 12:15:26,2,55.7,1,N,141,64,1,269.9,0.0,0.5,0.0,0.0,0.3,270.7,,0.0
1,2019-01-20 13:42:01,2019-01-20 13:42:01,1,9.7,1,N,82,82,2,31.0,0.0,0.5,0.0,0.0,0.3,31.8,,0.0
1,2019-01-20 15:15:30,2019-01-18 15:57:16,1,1.9,1,N,186,162,1,15.5,0.0,0.5,3.25,0.0,0.3,19.55,,-2838.233333333333
1,2019-01-20 17:36:46,2019-01-20 17:36:46,3,4.0,1,N,263,236,2,17.0,0.0,0.5,0.0,0.0,0.3,17.8,,0.0
2,2019-01-20 17:31:40,2019-01-20 17:31:40,1,0.01,3,N,264,264,2,20.0,0.0,0.0,0.0,0.0,0.3,20.3,,0.0
1,2019-01-20 18:11:44,2019-01-20 18:11:44,3,1.4,1,N,79,79,3,8.0,0.0,0.5,0.0,0.0,0.3,8.8,,0.0
2,2019-01-20 22:58:22,2019-01-20 22:58:22,1,0.02,2,N,264,264,2,52.0,0.0,0.5,0.0,0.0,0.3,52.8,,0.0
1,2019-01-21 01:19:39,2019-01-21 01:19:39,0,0.9,1,N,238,238,2,5.0,0.5,0.5,0.0,0.0,0.3,6.3,0.0,0.0
2,2019-01-21 02:38:59,2019-01-21 02:38:59,5,0.01,1,N,264,264,2,2.5,0.5,0.5,0.0,0.0,0.3,3.8,0.0,0.0
2,2019-01-21 06:08:22,2019-01-21 06:08:22,1,0.03,1,N,264,264,2,2.5,0.0,0.5,0.0,0.0,0.3,3.3,0.0,0.0
1,2019-01-21 12:19:10,2019-01-21 12:19:10,1,0.7,1,N,262,262,2,5.0,0.0,0.5,0.0,0.0,0.3,5.8,0.0,0.0
2,2019-01-21 15:23:59,2019-01-21 15:23:59,1,0.01,1,N,264,264,2,2.5,0.0,0.5,0.0,0.0,0.3,3.3,0.0,0.0
2,2019-01-21 15:33:59,2019-01-21 15:33:59,2,0.01,1,N,264,264,2,2.5,0.0,0.5,0.0,0.0,0.3,3.3,0.0,0.0
1,2019-01-21 16:08:37,2019-01-21 16:08:37,2,2.3,1,N,224,224,1,12.5,0.0,0.5,2.65,0.0,0.3,15.95,0.0,0.0
2,2019-01-21 16:19:40,2019-01-21 16:19:40,3,0.01,1,N,264,132,2,2.5,0.0,0.5,0.0,0.0,0.3,3.3,0.0,0.0
2,2019-01-21 16:33:02,2019-01-21 16:33:02,1,0.01,2,N,264,264,2,52.0,0.0,0.5,0.0,0.0,0.3,52.8,0.0,0.0
2,2019-01-21 18:42:05,2019-01-21 18:42:05,1,0.01,1,N,264,264,2,2.5,0.0,0.5,0.0,0.0,0.3,3.3,0.0,0.0
2,2019-01-21 19:38:54,2019-01-21 19:38:54,1,0.01,1,N,97,65,2,2.5,0.0,0.5,0.0,0.0,0.3,3.3,0.0,0.0
1,2019-01-21 21:38:08,2019-01-21 21:38:08,1,3.6,1,N,74,74,1,14.0,0.5,0.5,1.0,0.0,0.3,16.3,0.0,0.0
2,2019-01-21 21:03:07,2019-01-21 21:03:07,1,0.08,5,N,264,164,1,65.5,0.0,0.0,16.38,0.0,0.0,81.88,0.0,0.0
2,2019-01-22 02:25:20,2019-01-22 02:25:20,1,16.59,2,N,132,233,2,52.0,0.0,0.5,0.0,0.0,0.3,52.8,0.0,0.0
2,2019-01-21 00:03:24,2019-01-21 00:03:24,1,8.05,1,N,138,162,2,25.0,0.5,0.5,0.0,5.76,0.3,32.06,0.0,0.0
2,2019-01-22 00:17:58,2019-01-22 00:17:58,1,18.03,2,N,132,246,1,52.0,0.0,0.5,11.71,5.76,0.3,70.27,0.0,0.0
2,2019-01-22 06:27:28,2019-01-22 06:27:28,3,0.27,1,N,229,68,2,3.0,0.0,0.5,0.0,0.0,0.3,3.8,0.0,0.0
2,2019-01-22 07:27:33,2019-01-22 07:27:33,3,0.01,1,N,264,264,2,2.5,0.0,0.5,0.0,0.0,0.3,3.3,0.0,0.0
1,2019-01-22 07:03:54,2019-01-22 07:03:54,2,4.6,1,N,148,148,1,23.5,0.0,0.5,0.0,0.0,0.3,24.3,0.0,0.0
1,2019-01-22 08:13:13,2019-01-22 08:13:13,1,17.8,2,N,132,211,1,66.54,0.0,0.5,0.0,0.0,0.3,67.34,0.0,0.0
1,2019-01-22 08:20:48,2019-01-22 08:20:48,1,18.5,2,N,132,262,1,69.46,0.0,0.5,0.0,0.0,0.3,70.26,0.0,0.0
2,2019-01-22 11:32:58,2019-01-22 11:32:58,1,0.82,5,N,264,238,2,4.0,0.0,0.0,0.0,0.0,0.0,4.0,0.0,0.0
2,2019-01-22 13:43:52,2019-01-22 13:43:52,1,0.01,2,N,264,264,2,52.0,0.0,0.5,0.0,0.0,0.3,52.8,0.0,0.0
2,2019-01-22 16:03:21,2019-01-22 16:03:21,1,0.01,2,N,264,264,2,52.0,0.0,0.5,0.0,0.0,0.3,52.8,0.0,0.0
1,2019-01-22 16:19:29,2019-01-22 16:19:29,1,20.8,2,N,132,231,1,67.95,0.0,0.5,0.0,0.0,0.3,68.75,0.0,0.0
2,2019-01-22 18:21:46,2019-01-22 18:21:46,1,20.2,2,N,100,132,1,52.0,4.5,0.5,5.0,5.76,0.3,68.06,0.0,0.0
1,2019-01-22 18:23:49,2019-01-22 18:23:49,1,10.9,1,N,161,161,1,33.5,1.0,0.5,8.2,5.76,0.3,49.26,0.0,0.0
1,2019-01-22 18:05:53,2019-01-22 18:05:53,2,0.6,1,N,264,264,2,7.0,1.0,0.5,0.0,0.0,0.3,8.8,0.0,0.0
1,2019-01-22 20:37:38,2019-01-22 20:37:38,1,2.8,1,N,143,143,1,10.5,0.5,0.5,2.35,0.0,0.3,14.15,0.0,0.0
2,2019-01-22 20:37:46,2019-01-22 20:37:46,1,0.04,1,N,264,264,2,2.5,0.5,0.5,0.0,0.0,0.3,3.8,0.0,0.0
1,2019-01-23 07:01:05,2019-01-23 07:01:05,1,0.8,1,N,262,262,2,5.5,0.0,0.5,0.0,0.0,0.3,6.3,0.0,0.0
2,2019-01-23 07:07:00,2019-01-23 07:07:00,1,0.01,1,N,264,233,2,2.5,0.0,0.5,0.0,0.0,0.3,3.3,0.0,0.0
2,2019-01-23 08:47:32,2019-01-23 08:47:32,6,0.01,1,N,264,264,2,2.5,0.0,0.5,0.0,0.0,0.3,3.3,0.0,0.0
1,2019-01-23 09:44:44,2019-01-23 09:44:44,1,0.5,1,N,107,137,2,6.0,0.0,0.5,0.0,0.0,0.3,6.8,0.0,0.0
1,2019-01-23 12:58:45,2019-01-23 12:58:45,1,4.4,1,N,264,264,1,20.0,0.0,0.5,4.15,0.0,0.3,24.95,0.0,0.0
2,2019-01-23 00:00:00,2019-01-23 00:00:00,1,1.91,1,N,100,158,2,18.5,0.0,0.5,0.0,0.0,0.3,19.3,0.0,0.0
1,2019-01-23 16:28:30,2019-01-23 16:28:30,1,1.8,1,N,264,264,2,13.5,1.0,0.5,0.0,0.0,0.3,15.3,0.0,0.0
2,2019-01-23 17:21:11,2019-01-23 17:21:11,1,0.01,1,N,264,264,2,2.5,1.0,0.5,0.0,0.0,0.3,4.3,0.0,0.0
1,2019-01-23 17:37:49,2019-01-23 17:37:49,1,1.4,1,N,236,236,2,6.0,1.0,0.5,0.0,0.0,0.3,7.8,0.0,0.0
1,2019-01-23 19:34:34,2019-01-23 19:34:34,1,1.1,1,N,158,158,1,7.5,1.0,0.5,1.85,0.0,0.3,11.15,0.0,0.0
2,2019-01-23 19:44:33,2019-01-23 19:44:33,2,0.14,2,N,264,231,1,52.0,0.0,0.5,13.2,0.0,0.3,66.0,0.0,0.0
2,2019-01-23 20:06:31,2019-01-23 20:06:31,1,0.24,1,N,264,264,2,3.5,0.5,0.5,0.0,0.0,0.3,4.8,0.0,0.0
2,2019-01-23 21:56:03,2019-01-23 21:56:03,1,0.08,1,N,132,179,2,2.5,0.5,0.5,0.0,0.0,0.3,3.8,0.0,0.0
2,2019-01-23 00:00:00,2019-01-23 00:00:00,1,6.67,1,N,13,238,1,22.5,0.5,0.5,3.57,0.0,0.3,27.37,0.0,0.0
2,2019-01-23 00:02:46,2019-01-23 00:02:46,1,9.1,1,N,148,243,1,27.5,0.5,0.5,6.91,5.76,0.3,41.47,0.0,0.0
1,2019-01-24 05:39:45,2019-01-24 05:39:45,1,0.9,1,N,161,161,2,4.5,0.5,0.5,0.0,0.0,0.3,5.8,0.0,0.0
1,2019-01-24 07:27:02,2019-01-24 07:27:02,0,0.6,1,N,151,151,1,6.5,0.0,0.5,1.45,0.0,0.3,8.75,0.0,0.0
1,2019-01-24 11:43:36,2019-01-24 11:43:36,3,0.8,1,N,161,161,3,8.0,0.0,0.5,0.0,0.0,0.3,8.8,0.0,0.0
2,2019-01-24 12:52:27,2019-01-24 12:52:27,3,0.01,2,N,264,264,2,52.0,0.0,0.5,0.0,0.0,0.3,52.8,0.0,0.0
1,2019-01-24 13:47:56,2019-01-24 13:47:56,0,20.3,1,N,106,106,3,2.5,0.0,0.5,0.0,0.0,0.3,3.3,0.0,0.0
2,2019-01-24 00:00:00,2019-01-24 00:00:00,1,0.52,1,N,141,237,2,6.0,0.0,0.5,0.0,0.0,0.3,6.8,0.0,0.0
1,2019-01-24 15:59:53,2019-01-24 15:59:53,1,2.4,1,N,142,143,1,12.5,1.0,0.5,2.0,0.0,0.3,16.3,0.0,0.0
2,2019-01-24 16:11:12,2019-01-24 16:11:12,1,0.01,2,N,264,264,2,52.0,0.0,0.5,0.0,0.0,0.3,52.8,0.0,0.0
1,2019-01-24 22:47:40,2019-01-24 22:47:40,1,2.0,1,N,141,141,1,7.5,0.5,0.5,1.75,0.0,0.3,10.55,0.0,0.0
2,2019-01-24 22:06:08,2019-01-24 22:06:08,5,0.02,1,N,264,264,2,2.5,0.5,0.5,0.0,0.0,0.3,3.8,0.0,0.0
2,2019-01-24 22:44:39,2019-01-24 22:44:39,5,0.01,2,N,264,264,2,52.0,0.0,0.5,0.0,0.0,0.3,52.8,0.0,0.0
2,2019-01-25 00:27:01,2019-01-25 00:27:01,1,0.01,2,N,264,264,2,52.0,0.0,0.5,0.0,0.0,0.3,52.8,0.0,0.0
1,2019-01-25 09:57:09,2019-01-25 09:57:09,1,1.3,1,N,170,170,1,11.5,0.0,0.5,3.05,0.0,0.3,15.35,0.0,0.0
2,2019-01-25 11:46:51,2019-01-25 11:46:51,1,0.17,2,N,264,138,1,52.0,0.0,0.5,10.56,0.0,0.3,63.36,0.0,0.0
1,2019-01-25 13:29:19,2019-01-25 13:29:19,0,1.2,1,N,68,68,1,7.5,0.0,0.5,1.0,0.0,0.3,9.3,0.0,0.0
2,2019-01-25 13:53:18,2019-01-25 13:53:18,1,0.13,1,N,264,162,2,2.5,0.0,0.5,0.0,0.0,0.3,3.3,0.0,0.0
1,2019-01-25 14:24:17,2019-01-25 14:24:17,1,21.1,2,N,132,87,1,62.55,0.0,0.5,0.0,0.0,0.3,63.35,0.0,0.0
1,2019-01-25 15:06:58,2019-01-25 15:06:58,3,1.2,1,N,236,236,1,2.5,0.0,0.5,5.5,0.0,0.3,8.8,0.0,0.0
1,2019-01-25 15:17:12,2019-01-25 15:17:12,1,12.7,1,Y,132,25,3,57.15,0.0,0.5,0.0,0.0,0.3,57.95,0.0,0.0
1,2019-01-25 16:29:36,2019-01-25 16:29:36,1,20.6,2,N,132,141,1,74.86,0.0,0.5,0.0,0.0,0.3,75.66,0.0,0.0
1,2019-01-25 18:57:36,2019-01-25 18:57:36,1,1.4,1,N,237,237,1,6.5,1.0,0.5,2.05,0.0,0.3,10.35,0.0,0.0
2,2019-01-25 20:19:41,2019-01-25 20:19:41,2,0.01,1,N,264,264,2,2.5,0.5,0.5,0.0,0.0,0.3,3.8,0.0,0.0
1,2019-01-25 21:26:24,2019-01-25 21:26:24,1,9.9,1,N,142,62,1,56.1,0.0,0.5,0.0,0.0,0.3,56.9,0.0,0.0
2,2019-01-25 00:01:23,2019-01-25 00:01:23,1,8.62,1,N,230,189,2,36.0,0.5,0.5,0.0,0.0,0.3,37.3,0.0,0.0
1,2019-01-25 23:41:09,2019-01-25 23:41:09,0,1.4,1,N,186,186,1,7.5,0.5,0.5,1.75,0.0,0.3,10.55,0.0,0.0
1,2019-01-25 23:52:12,2019-01-25 23:52:12,6,1.5,1,N,68,68,2,8.0,0.5,0.5,0.0,0.0,0.3,9.3,0.0,0.0
2,2019-01-26 02:02:59,2019-01-26 02:02:59,1,0.04,5,N,264,87,1,59.0,0.0,0.0,11.8,0.0,0.0,70.8,0.0,0.0
2,2019-01-26 05:43:49,2019-01-26 05:43:49,1,0.05,1,N,264,264,2,2.5,0.5,0.5,0.0,0.0,0.3,3.8,0.0,0.0
2,2019-01-26 09:29:00,2019-01-26 09:29:00,1,0.01,2,N,264,264,2,52.0,0.0,0.5,0.0,0.0,0.3,52.8,0.0,0.0
2,2019-01-26 09:18:13,2019-01-26 09:18:13,1,0.03,1,N,263,163,2,2.5,0.0,0.5,0.0,0.0,0.3,3.3,0.0,0.0
1,2019-01-26 13:31:44,2019-01-26 13:31:44,1,2.0,1,N,234,234,2,9.0,0.0,0.5,0.0,0.0,0.3,9.8,0.0,0.0
1,2019-01-26 15:28:52,2019-01-26 15:28:52,2,2.6,1,N,140,140,1,13.0,0.0,0.5,1.0,0.0,0.3,14.8,0.0,0.0
1,2019-01-26 17:34:44,2019-01-26 17:34:44,4,0.7,1,N,24,24,1,5.0,0.0,0.5,1.4,0.0,0.3,7.2,0.0,0.0
1,2019-01-26 22:24:12,2019-01-26 22:24:12,1,1.2,1,N,79,79,1,9.5,0.5,0.5,2.15,0.0,0.3,12.95,0.0,0.0
2,2019-01-26 00:07:02,2019-01-26 00:07:02,1,4.08,1,N,162,37,1,20.0,0.5,0.5,4.26,0.0,0.3,25.56,0.0,0.0
2,2019-01-26 00:07:13,2019-01-26 00:07:13,1,1.41,1,N,152,237,1,8.5,0.5,0.5,1.96,0.0,0.3,11.76,0.0,0.0
1,2019-01-27 01:55:53,2019-01-27 01:55:53,1,0.8,1,N,264,264,2,4.5,0.5,0.5,0.0,0.0,0.3,5.8,0.0,0.0
1,2019-01-27 02:11:01,2019-01-27 02:11:01,2,4.8,1,N,52,52,1,15.0,0.5,0.5,3.25,0.0,0.3,19.55,0.0,0.0
2,2019-01-27 06:10:21,2019-01-27 06:10:21,6,0.01,1,N,264,264,2,2.5,0.0,0.5,0.0,0.0,0.3,3.3,0.0,0.0
2,2019-01-27 09:56:01,2019-01-27 09:56:01,1,0.08,5,N,264,170,1,67.5,0.0,0.0,13.5,0.0,0.0,81.0,0.0,0.0
1,2019-01-27 13:41:49,2019-01-27 13:41:49,1,0.6,1,N,90,90,1,4.5,0.0,0.5,1.05,0.0,0.3,6.35,0.0,0.0
2,2019-01-27 00:00:00,2019-01-27 00:00:00,1,2.78,1,N,143,41,1,11.5,0.0,0.5,2.46,0.0,0.3,14.76,0.0,0.0
2,2019-01-27 16:07:42,2019-01-27 16:07:42,1,0.03,1,N,264,264,2,2.5,0.0,0.5,0.0,0.0,0.3,3.3,0.0,0.0
1,2019-01-27 17:36:53,2019-01-27 17:36:53,1,1.4,1,N,79,79,1,9.5,0.0,0.5,2.05,0.0,0.3,12.35,0.0,0.0
2,2019-01-27 00:00:00,2019-01-27 00:00:00,1,3.52,1,N,186,231,1,17.0,0.0,0.5,3.56,0.0,0.3,21.36,0.0,0.0
2,2019-01-27 19:54:28,2019-01-27 19:54:28,1,0.07,5,N,264,41,1,59.0,0.0,0.0,11.8,0.0,0.0,70.8,0.0,0.0
1,2019-01-27 20:09:06,2019-01-27 20:09:06,3,1.5,1,N,237,237,1,7.5,1.0,0.5,1.5,0.0,0.3,10.8,0.0,0.0
1,2019-01-27 21:06:22,2019-01-27 21:06:22,0,0.8,1,N,90,90,2,2.5,0.5,0.5,0.0,0.0,0.3,3.8,0.0,0.0
2,2019-01-27 21:05:32,2019-01-27 21:05:32,1,0.04,5,N,264,125,1,69.0,0.0,0.0,13.8,0.0,0.0,82.8,0.0,0.0
2,2019-01-28 05:28:24,2019-01-28 05:28:24,1,0.01,2,N,264,264,2,52.0,0.0,0.5,0.0,0.0,0.3,52.8,0.0,0.0
1,2019-01-28 07:12:39,2019-01-28 07:12:39,1,27.2,1,N,132,265,1,83.76,0.0,0.5,0.0,0.0,0.3,84.56,0.0,0.0
1,2019-01-28 07:28:19,2019-01-28 07:28:19,1,18.7,2,N,132,42,1,62.76,0.0,0.5,0.0,0.0,0.3,63.56,0.0,0.0
1,2019-01-28 08:25:06,2019-01-28 08:25:06,2,16.3,1,N,138,161,1,64.95,0.0,0.5,0.0,0.0,0.3,65.75,0.0,0.0
1,2019-01-28 08:11:46,2019-01-28 08:11:46,1,0.8,1,N,141,141,1,6.0,0.0,0.5,1.7,0.0,0.3,8.5,0.0,0.0
1,2019-01-28 08:23:24,2019-01-28 08:23:24,1,20.0,2,N,132,166,1,69.46,0.0,0.5,0.0,0.0,0.3,70.26,0.0,0.0
1,2019-01-28 08:47:43,2019-01-28 08:47:43,1,1.6,1,N,234,234,1,10.0,0.0,0.5,2.15,0.0,0.3,12.95,0.0,0.0
2,2019-01-28 12:51:39,2019-01-28 12:51:39,1,0.06,1,N,264,264,2,2.5,0.0,0.5,0.0,0.0,0.3,3.3,0.0,0.0
2,2019-01-28 14:00:53,2019-01-28 14:00:53,1,17.68,2,N,132,48,2,52.0,0.0,0.5,0.0,0.0,0.3,52.8,0.0,0.0
1,2019-01-28 13:16:37,2019-01-28 13:16:37,2,24.9,4,N,138,265,1,109.97,0.0,0.5,0.0,0.0,0.3,110.77,0.0,0.0
2,2019-01-28 00:00:00,2019-01-28 00:00:00,1,0.59,1,N,236,236,2,4.5,1.0,0.5,0.0,0.0,0.3,6.3,0.0,0.0
1,2019-01-28 18:21:18,2019-01-28 18:21:18,1,0.8,1,N,264,264,2,4.5,1.0,0.5,0.0,0.0,0.3,6.3,0.0,0.0
2,2019-01-28 18:43:34,2019-01-28 18:43:34,1,0.09,5,N,264,186,1,8.0,0.0,0.0,1.6,0.0,0.0,9.6,0.0,0.0
2,2019-01-28 19:56:59,2019-01-28 19:56:59,1,0.01,1,N,264,236,2,2.5,1.0,0.5,0.0,0.0,0.3,4.3,0.0,0.0
1,2019-01-28 22:00:38,2019-01-28 22:00:38,1,1.9,1,N,142,142,1,10.0,0.5,0.5,2.25,0.0,0.3,13.55,0.0,0.0
2,2019-01-28 00:08:25,2019-01-28 00:08:25,1,4.4,1,N,181,74,1,15.5,0.5,0.5,2.0,0.0,0.3,18.8,0.0,0.0
1,2019-01-28 23:39:25,2019-01-28 23:39:25,1,0.8,1,Y,161,161,2,5.5,0.5,0.5,0.0,0.0,0.3,6.8,0.0,0.0
1,2019-01-29 06:06:50,2019-01-29 06:06:50,1,1.2,1,N,162,162,1,5.5,0.0,0.5,1.25,0.0,0.3,7.55,0.0,0.0
1,2019-01-29 07:17:44,2019-01-29 07:17:44,1,24.1,1,N,132,228,1,85.0,0.0,0.5,0.0,0.0,0.3,85.8,0.0,0.0
1,2019-01-29 11:45:53,2019-01-29 11:45:53,1,0.9,1,N,234,234,1,7.5,0.0,0.5,2.05,0.0,0.3,10.35,0.0,0.0
2,2019-01-29 12:46:57,2019-01-29 12:46:57,1,0.01,1,N,264,264,2,2.5,0.0,0.5,0.0,0.0,0.3,3.3,0.0,0.0
2,2019-01-29 12:22:05,2019-01-29 12:22:05,1,0.09,2,N,61,61,2,52.0,0.0,0.5,0.0,0.0,0.3,52.8,0.0,0.0
2,2019-01-29 13:56:25,2019-01-29 13:56:25,1,0.16,1,N,264,264,2,3.0,0.0,0.5,0.0,0.0,0.3,3.8,0.0,0.0
1,2019-01-29 14:26:02,2019-01-29 14:26:02,1,18.0,2,N,132,163,1,62.56,0.0,0.5,0.0,0.0,0.3,63.36,0.0,0.0
1,2019-01-29 14:22:24,2019-01-29 14:22:24,1,17.8,2,N,132,75,1,69.46,0.0,0.5,0.0,0.0,0.3,70.26,0.0,0.0
1,2019-01-29 15:07:44,2019-01-29 15:07:44,1,19.3,2,N,231,132,1,64.76,0.0,0.5,0.0,0.0,0.3,65.56,0.0,0.0
1,2019-01-29 17:20:09,2019-01-29 17:20:09,1,1.1,1,N,236,236,2,8.0,1.0,0.5,0.0,0.0,0.3,9.8,0.0,0.0
1,2019-01-29 18:52:59,2019-01-29 18:52:59,1,3.0,1,N,262,262,1,15.0,1.0,0.5,3.2,0.0,0.3,20.0,0.0,0.0
1,2019-01-29 19:52:48,2019-01-29 19:52:48,1,3.6,1,N,66,66,1,16.5,1.0,0.5,4.55,0.0,0.3,22.85,0.0,0.0
1,2019-01-29 20:14:58,2019-01-29 20:14:58,1,2.1,1,N,48,48,1,11.5,0.5,0.5,1.0,0.0,0.3,13.8,0.0,0.0
1,2019-01-29 21:01:20,2019-01-29 21:01:20,1,2.9,1,N,151,151,2,2.5,0.5,0.5,0.0,0.0,0.3,3.8,0.0,0.0
1,2019-01-29 23:07:45,2019-01-29 23:07:45,4,0.9,1,N,163,163,2,7.5,0.5,0.5,0.0,0.0,0.3,8.8,0.0,0.0
2,2019-01-30 01:29:18,2019-01-30 01:29:18,1,0.02,1,N,264,264,2,2.5,0.5,0.5,0.0,0.0,0.3,3.8,0.0,0.0
2,2019-01-30 06:36:53,2019-01-30 06:36:53,1,0.02,2,N,264,264,2,52.0,0.0,0.5,0.0,0.0,0.3,52.8,0.0,0.0
2,2019-01-30 13:23:30,2019-01-30 13:23:30,2,0.01,1,N,264,264,2,2.5,0.0,0.5,0.0,0.0,0.3,3.3,0.0,0.0
2,2019-01-30 00:00:00,2019-01-30 00:00:00,1,16.63,2,N,230,132,2,52.0,0.0,0.5,0.0,5.76,0.3,58.56,0.0,0.0
1,2019-01-30 15:30:51,2019-01-30 15:30:51,1,1.3,1,N,264,264,2,9.0,0.0,0.5,0.0,0.0,0.3,9.8,0.0,0.0
1,2019-01-30 16:14:30,2019-01-30 16:14:30,1,12.9,1,N,261,138,1,59.55,0.0,0.5,0.0,0.0,0.3,60.35,0.0,0.0
2,2019-01-30 21:20:11,2019-01-30 21:20:11,1,0.01,1,N,264,264,2,2.5,0.5,0.5,0.0,0.0,0.3,3.8,0.0,0.0
1,2019-01-30 22:09:06,2019-01-30 22:09:06,1,1.8,1,N,233,233,1,11.5,0.5,0.5,1.0,0.0,0.3,13.8,0.0,0.0
2,2019-01-31 10:24:59,2019-01-31 10:24:59,2,0.01,1,N,264,264,2,2.5,0.0,0.5,0.0,0.0,0.3,3.3,0.0,0.0
1,2019-01-31 14:27:49,2019-01-31 14:27:49,1,1.6,1,N,239,239,2,7.0,0.0,0.5,0.0,0.0,0.3,7.8,0.0,0.0
1,2019-01-31 18:21:08,2019-01-31 18:21:08,1,0.8,1,N,170,170,2,6.0,1.0,0.5,0.0,0.0,0.3,7.8,0.0,0.0
2,2019-01-31 19:36:42,2019-01-31 19:36:42,1,0.01,1,N,264,264,2,2.5,1.0,0.5,0.0,0.0,0.3,4.3,0.0,0.0
2,2019-01-31 00:22:03,2019-01-31 00:22:03,1,8.4,1,N,230,56,2,35.5,0.5,0.5,0.0,0.0,0.3,36.8,0.0,0.0
2,2019-01-31 00:11:29,2019-01-31 00:11:29,2,5.56,1,N,107,17,1,21.5,0.5,0.5,4.56,0.0,0.3,27.36,0.0,0.0
